<?xml version="1.0" encoding="UTF-8"?>
<!-- Generated by org.testng.reporters.JUnitReportReporter -->
<testsuite hostname="LAPTOP-EOB9U4EP" failures="0" tests="2" name="com.qa.crm.testcases.ContactsPageTest" time="46.519" errors="0" timestamp="2025-03-07T11:48:45 IST" skipped="0">
  <testcase classname="com.qa.crm.testcases.ContactsPageTest" name="pageLogoDisplay" time="24.061"/>
  <testcase classname="com.qa.crm.testcases.ContactsPageTest" name="contactSelectByName" time="22.458"/>
</testsuite> <!-- com.qa.crm.testcases.ContactsPageTest -->
