<?xml version="1.0" encoding="UTF-8"?>
<!-- Generated by org.testng.reporters.JUnitReportReporter -->
<testsuite hostname="LAPTOP-EOB9U4EP" failures="0" tests="5" name="com.qa.crm.testcases.ContactCreationTest" time="183.841" errors="0" timestamp="2025-03-06T21:52:23 IST" skipped="0">
  <testcase classname="com.qa.crm.testcases.ContactCreationTest" name="conatctClick" time="33.770"/>
  <testcase classname="com.qa.crm.testcases.ContactCreationTest" name="contactCreation" time="38.113"/>
  <testcase classname="com.qa.crm.testcases.ContactCreationTest" name="contactCreation" time="38.668"/>
  <testcase classname="com.qa.crm.testcases.ContactCreationTest" name="contactCreation" time="41.540"/>
  <testcase classname="com.qa.crm.testcases.ContactCreationTest" name="contactCreation" time="31.750"/>
</testsuite> <!-- com.qa.crm.testcases.ContactCreationTest -->
