<?xml version="1.0" encoding="UTF-8"?>
<!-- Generated by org.testng.reporters.JUnitReportReporter -->
<testsuite hostname="LAPTOP-EOB9U4EP" failures="0" tests="2" name="com.qa.crm.testcases.HomePageTest" time="43.068" errors="0" timestamp="2025-03-07T23:22:53 IST" skipped="0">
  <testcase classname="com.qa.crm.testcases.HomePageTest" name="verifyPageTitle" time="21.233"/>
  <testcase classname="com.qa.crm.testcases.HomePageTest" name="contctClick" time="21.835"/>
</testsuite> <!-- com.qa.crm.testcases.HomePageTest -->
