<?xml version="1.0" encoding="UTF-8"?>
<!-- Generated by org.testng.reporters.JUnitReportReporter -->
<testsuite hostname="LAPTOP-EOB9U4EP" failures="0" tests="2" name="com.qa.crm.testcases.HomePageTest" time="48.980" errors="0" timestamp="2025-03-08T13:51:24 IST" skipped="0">
  <testcase classname="com.qa.crm.testcases.HomePageTest" name="verifyPageTitle" time="25.749"/>
  <testcase classname="com.qa.crm.testcases.HomePageTest" name="contctClick" time="23.231"/>
</testsuite> <!-- com.qa.crm.testcases.HomePageTest -->
