<?xml version="1.0" encoding="UTF-8"?>
<!-- Generated by org.testng.reporters.JUnitReportReporter -->
<testsuite hostname="LAPTOP-EOB9U4EP" failures="0" tests="2" name="com.qa.crm.testcases.ContactsPageTest" time="61.948" errors="0" timestamp="2025-03-08T13:51:24 IST" skipped="0">
  <testcase classname="com.qa.crm.testcases.ContactsPageTest" name="pageLogoDisplay" time="30.607"/>
  <testcase classname="com.qa.crm.testcases.ContactsPageTest" name="contactSelectByName" time="31.341"/>
</testsuite> <!-- com.qa.crm.testcases.ContactsPageTest -->
