<?xml version="1.0" encoding="UTF-8"?>
<!-- Generated by org.testng.reporters.JUnitReportReporter -->
<testsuite hostname="LAPTOP-EOB9U4EP" failures="0" tests="2" name="com.qa.crm.testcases.LoginTest" time="26.153" errors="0" timestamp="2025-03-08T13:51:24 IST" skipped="0">
  <testcase classname="com.qa.crm.testcases.LoginTest" name="login" time="15.461"/>
  <testcase classname="com.qa.crm.testcases.LoginTest" name="titleDisplay" time="10.692"/>
</testsuite> <!-- com.qa.crm.testcases.LoginTest -->
